DEBUG main org.apache.http.impl.conn.BasicClientConnectionManager - Get connection for route {}->http://127.0.0.1:8889
DEBUG main org.apache.http.impl.conn.DefaultClientConnectionOperator - Connecting to 127.0.0.1:8889
DEBUG main org.apache.http.client.protocol.RequestAddCookies - CookieSpec selected: default
DEBUG main org.apache.http.client.protocol.RequestAuthCache - Auth cache not set in the context
DEBUG main org.apache.http.client.protocol.RequestTargetAuthentication - Target auth state: UNCHALLENGED
DEBUG main org.apache.http.client.protocol.RequestProxyAuthentication - Proxy auth state: UNCHALLENGED
DEBUG main org.apache.http.impl.client.DefaultHttpClient - Attempt 1 to execute request
DEBUG main org.apache.http.impl.conn.DefaultClientConnection - Sending request: GET / HTTP/1.1
DEBUG main org.apache.http.wire -  >> "GET / HTTP/1.1[\r][\n]"
DEBUG main org.apache.http.wire -  >> "Host: 127.0.0.1:8889[\r][\n]"
DEBUG main org.apache.http.wire -  >> "Connection: Keep-Alive[\r][\n]"
DEBUG main org.apache.http.wire -  >> "User-Agent: Apache-HttpClient/4.5.1 (Java/1.8.0_181)[\r][\n]"
DEBUG main org.apache.http.wire -  >> "[\r][\n]"
DEBUG main org.apache.http.headers - >> GET / HTTP/1.1
DEBUG main org.apache.http.headers - >> Host: 127.0.0.1:8889
DEBUG main org.apache.http.headers - >> Connection: Keep-Alive
DEBUG main org.apache.http.headers - >> User-Agent: Apache-HttpClient/4.5.1 (Java/1.8.0_181)
DEBUG main org.apache.http.wire -  << "HTTP/1.1 400 Bad Request[\r][\n]"
DEBUG main org.apache.http.wire -  << "Content-Length: 0[\r][\n]"
DEBUG main org.apache.http.wire -  << "[\r][\n]"
DEBUG main org.apache.http.impl.conn.DefaultClientConnection - Receiving response: HTTP/1.1 400 Bad Request
DEBUG main org.apache.http.headers - << HTTP/1.1 400 Bad Request
DEBUG main org.apache.http.headers - << Content-Length: 0
DEBUG main org.apache.http.impl.client.DefaultHttpClient - Connection can be kept alive indefinitely
DEBUG main org.apache.http.impl.conn.BasicClientConnectionManager - Releasing connection org.apache.http.impl.conn.ManagedClientConnectionImpl@52aa2946
DEBUG main org.apache.http.impl.conn.BasicClientConnectionManager - Connection can be kept alive indefinitely
DEBUG main org.apache.http.impl.conn.BasicClientConnectionManager - Get connection for route {}->http://127.0.0.1:8889
DEBUG main org.apache.http.impl.conn.DefaultClientConnectionOperator - Connecting to 127.0.0.1:8889
DEBUG main org.apache.http.client.protocol.RequestAddCookies - CookieSpec selected: default
DEBUG main org.apache.http.client.protocol.RequestAuthCache - Auth cache not set in the context
DEBUG main org.apache.http.client.protocol.RequestTargetAuthentication - Target auth state: UNCHALLENGED
DEBUG main org.apache.http.client.protocol.RequestProxyAuthentication - Proxy auth state: UNCHALLENGED
DEBUG main org.apache.http.impl.client.DefaultHttpClient - Attempt 1 to execute request
DEBUG main org.apache.http.impl.conn.DefaultClientConnection - Sending request: GET / HTTP/1.1
DEBUG main org.apache.http.wire -  >> "GET / HTTP/1.1[\r][\n]"
DEBUG main org.apache.http.wire -  >> "Host: 127.0.0.1:8889[\r][\n]"
DEBUG main org.apache.http.wire -  >> "Connection: Keep-Alive[\r][\n]"
DEBUG main org.apache.http.wire -  >> "User-Agent: Apache-HttpClient/4.5.1 (Java/1.8.0_181)[\r][\n]"
DEBUG main org.apache.http.wire -  >> "[\r][\n]"
DEBUG main org.apache.http.headers - >> GET / HTTP/1.1
DEBUG main org.apache.http.headers - >> Host: 127.0.0.1:8889
DEBUG main org.apache.http.headers - >> Connection: Keep-Alive
DEBUG main org.apache.http.headers - >> User-Agent: Apache-HttpClient/4.5.1 (Java/1.8.0_181)
DEBUG main org.apache.http.wire -  << "HTTP/1.1 400 Bad Request[\r][\n]"
DEBUG main org.apache.http.wire -  << "Content-Length: 0[\r][\n]"
DEBUG main org.apache.http.wire -  << "[\r][\n]"
DEBUG main org.apache.http.impl.conn.DefaultClientConnection - Receiving response: HTTP/1.1 400 Bad Request
DEBUG main org.apache.http.headers - << HTTP/1.1 400 Bad Request
DEBUG main org.apache.http.headers - << Content-Length: 0
DEBUG main org.apache.http.impl.client.DefaultHttpClient - Connection can be kept alive indefinitely
DEBUG main org.apache.http.impl.conn.BasicClientConnectionManager - Releasing connection org.apache.http.impl.conn.ManagedClientConnectionImpl@67e2d983
DEBUG main org.apache.http.impl.conn.BasicClientConnectionManager - Connection can be kept alive indefinitely
DEBUG main org.apache.http.impl.conn.BasicClientConnectionManager - Get connection for route {}->http://172.16.5.130:8889
DEBUG main org.apache.http.impl.conn.DefaultClientConnectionOperator - Connecting to 172.16.5.130:8889
DEBUG main org.apache.http.client.protocol.RequestAddCookies - CookieSpec selected: default
DEBUG main org.apache.http.client.protocol.RequestAuthCache - Auth cache not set in the context
DEBUG main org.apache.http.client.protocol.RequestTargetAuthentication - Target auth state: UNCHALLENGED
DEBUG main org.apache.http.client.protocol.RequestProxyAuthentication - Proxy auth state: UNCHALLENGED
DEBUG main org.apache.http.impl.client.DefaultHttpClient - Attempt 1 to execute request
DEBUG main org.apache.http.impl.conn.DefaultClientConnection - Sending request: GET / HTTP/1.1
DEBUG main org.apache.http.wire -  >> "GET / HTTP/1.1[\r][\n]"
DEBUG main org.apache.http.wire -  >> "Host: 172.16.5.130:8889[\r][\n]"
DEBUG main org.apache.http.wire -  >> "Connection: Keep-Alive[\r][\n]"
DEBUG main org.apache.http.wire -  >> "User-Agent: Apache-HttpClient/4.5.1 (Java/1.8.0_181)[\r][\n]"
DEBUG main org.apache.http.wire -  >> "[\r][\n]"
DEBUG main org.apache.http.headers - >> GET / HTTP/1.1
DEBUG main org.apache.http.headers - >> Host: 172.16.5.130:8889
DEBUG main org.apache.http.headers - >> Connection: Keep-Alive
DEBUG main org.apache.http.headers - >> User-Agent: Apache-HttpClient/4.5.1 (Java/1.8.0_181)
DEBUG main org.apache.http.wire -  << "HTTP/1.1 400 Bad Request[\r][\n]"
DEBUG main org.apache.http.wire -  << "Content-Length: 0[\r][\n]"
DEBUG main org.apache.http.wire -  << "[\r][\n]"
DEBUG main org.apache.http.impl.conn.DefaultClientConnection - Receiving response: HTTP/1.1 400 Bad Request
DEBUG main org.apache.http.headers - << HTTP/1.1 400 Bad Request
DEBUG main org.apache.http.headers - << Content-Length: 0
DEBUG main org.apache.http.impl.client.DefaultHttpClient - Connection can be kept alive indefinitely
DEBUG main org.apache.http.impl.conn.BasicClientConnectionManager - Releasing connection org.apache.http.impl.conn.ManagedClientConnectionImpl@67e2d983
DEBUG main org.apache.http.impl.conn.BasicClientConnectionManager - Connection can be kept alive indefinitely
DEBUG main org.apache.http.impl.conn.BasicClientConnectionManager - Get connection for route {}->http://172.16.5.130:8889
DEBUG main org.apache.http.impl.conn.DefaultClientConnectionOperator - Connecting to 172.16.5.130:8889
DEBUG main org.apache.http.client.protocol.RequestAddCookies - CookieSpec selected: default
DEBUG main org.apache.http.client.protocol.RequestAuthCache - Auth cache not set in the context
DEBUG main org.apache.http.client.protocol.RequestTargetAuthentication - Target auth state: UNCHALLENGED
DEBUG main org.apache.http.client.protocol.RequestProxyAuthentication - Proxy auth state: UNCHALLENGED
DEBUG main org.apache.http.impl.client.DefaultHttpClient - Attempt 1 to execute request
DEBUG main org.apache.http.impl.conn.DefaultClientConnection - Sending request: GET / HTTP/1.1
DEBUG main org.apache.http.wire -  >> "GET / HTTP/1.1[\r][\n]"
DEBUG main org.apache.http.wire -  >> "Host: 172.16.5.130:8889[\r][\n]"
DEBUG main org.apache.http.wire -  >> "Connection: Keep-Alive[\r][\n]"
DEBUG main org.apache.http.wire -  >> "User-Agent: Apache-HttpClient/4.5.1 (Java/1.8.0_181)[\r][\n]"
DEBUG main org.apache.http.wire -  >> "[\r][\n]"
DEBUG main org.apache.http.headers - >> GET / HTTP/1.1
DEBUG main org.apache.http.headers - >> Host: 172.16.5.130:8889
DEBUG main org.apache.http.headers - >> Connection: Keep-Alive
DEBUG main org.apache.http.headers - >> User-Agent: Apache-HttpClient/4.5.1 (Java/1.8.0_181)
DEBUG main org.apache.http.wire -  << "HTTP/1.1 400 Bad Request[\r][\n]"
DEBUG main org.apache.http.wire -  << "Content-Length: 0[\r][\n]"
DEBUG main org.apache.http.wire -  << "[\r][\n]"
DEBUG main org.apache.http.impl.conn.DefaultClientConnection - Receiving response: HTTP/1.1 400 Bad Request
DEBUG main org.apache.http.headers - << HTTP/1.1 400 Bad Request
DEBUG main org.apache.http.headers - << Content-Length: 0
DEBUG main org.apache.http.impl.client.DefaultHttpClient - Connection can be kept alive indefinitely
DEBUG main org.apache.http.impl.conn.BasicClientConnectionManager - Releasing connection org.apache.http.impl.conn.ManagedClientConnectionImpl@67e2d983
DEBUG main org.apache.http.impl.conn.BasicClientConnectionManager - Connection can be kept alive indefinitely
DEBUG main org.apache.http.impl.conn.BasicClientConnectionManager - Get connection for route {}->http://172.16.5.130:8889
DEBUG main org.apache.http.impl.conn.DefaultClientConnectionOperator - Connecting to 172.16.5.130:8889
DEBUG main org.apache.http.client.protocol.RequestAddCookies - CookieSpec selected: default
DEBUG main org.apache.http.client.protocol.RequestAuthCache - Auth cache not set in the context
DEBUG main org.apache.http.client.protocol.RequestTargetAuthentication - Target auth state: UNCHALLENGED
DEBUG main org.apache.http.client.protocol.RequestProxyAuthentication - Proxy auth state: UNCHALLENGED
DEBUG main org.apache.http.impl.client.DefaultHttpClient - Attempt 1 to execute request
DEBUG main org.apache.http.impl.conn.DefaultClientConnection - Sending request: GET / HTTP/1.1
DEBUG main org.apache.http.wire -  >> "GET / HTTP/1.1[\r][\n]"
DEBUG main org.apache.http.wire -  >> "Host: 172.16.5.130:8889[\r][\n]"
DEBUG main org.apache.http.wire -  >> "Connection: Keep-Alive[\r][\n]"
DEBUG main org.apache.http.wire -  >> "User-Agent: Apache-HttpClient/4.5.1 (Java/1.8.0_181)[\r][\n]"
DEBUG main org.apache.http.wire -  >> "[\r][\n]"
DEBUG main org.apache.http.headers - >> GET / HTTP/1.1
DEBUG main org.apache.http.headers - >> Host: 172.16.5.130:8889
DEBUG main org.apache.http.headers - >> Connection: Keep-Alive
DEBUG main org.apache.http.headers - >> User-Agent: Apache-HttpClient/4.5.1 (Java/1.8.0_181)
DEBUG main org.apache.http.wire -  << "HTTP/1.1 400 Bad Request[\r][\n]"
DEBUG main org.apache.http.wire -  << "Content-Length: 0[\r][\n]"
DEBUG main org.apache.http.wire -  << "[\r][\n]"
DEBUG main org.apache.http.impl.conn.DefaultClientConnection - Receiving response: HTTP/1.1 400 Bad Request
DEBUG main org.apache.http.headers - << HTTP/1.1 400 Bad Request
DEBUG main org.apache.http.headers - << Content-Length: 0
DEBUG main org.apache.http.impl.client.DefaultHttpClient - Connection can be kept alive indefinitely
DEBUG main org.apache.http.impl.conn.BasicClientConnectionManager - Releasing connection org.apache.http.impl.conn.ManagedClientConnectionImpl@4ae3c1cd
DEBUG main org.apache.http.impl.conn.BasicClientConnectionManager - Connection can be kept alive indefinitely
DEBUG main org.apache.http.impl.conn.BasicClientConnectionManager - Get connection for route {}->http://172.16.5.130:8889
DEBUG main org.apache.http.impl.conn.DefaultClientConnectionOperator - Connecting to 172.16.5.130:8889
DEBUG main org.apache.http.client.protocol.RequestAddCookies - CookieSpec selected: default
DEBUG main org.apache.http.client.protocol.RequestAuthCache - Auth cache not set in the context
DEBUG main org.apache.http.client.protocol.RequestTargetAuthentication - Target auth state: UNCHALLENGED
DEBUG main org.apache.http.client.protocol.RequestProxyAuthentication - Proxy auth state: UNCHALLENGED
DEBUG main org.apache.http.impl.client.DefaultHttpClient - Attempt 1 to execute request
DEBUG main org.apache.http.impl.conn.DefaultClientConnection - Sending request: GET /getCookies HTTP/1.1
DEBUG main org.apache.http.wire -  >> "GET /getCookies HTTP/1.1[\r][\n]"
DEBUG main org.apache.http.wire -  >> "Host: 172.16.5.130:8889[\r][\n]"
DEBUG main org.apache.http.wire -  >> "Connection: Keep-Alive[\r][\n]"
DEBUG main org.apache.http.wire -  >> "User-Agent: Apache-HttpClient/4.5.1 (Java/1.8.0_181)[\r][\n]"
DEBUG main org.apache.http.wire -  >> "[\r][\n]"
DEBUG main org.apache.http.headers - >> GET /getCookies HTTP/1.1
DEBUG main org.apache.http.headers - >> Host: 172.16.5.130:8889
DEBUG main org.apache.http.headers - >> Connection: Keep-Alive
DEBUG main org.apache.http.headers - >> User-Agent: Apache-HttpClient/4.5.1 (Java/1.8.0_181)
DEBUG main org.apache.http.wire -  << "HTTP/1.1 200 OK[\r][\n]"
DEBUG main org.apache.http.wire -  << "Set-Cookie: login=true; Path=/[\r][\n]"
DEBUG main org.apache.http.wire -  << "Content-Length: 19[\r][\n]"
DEBUG main org.apache.http.wire -  << "Content-Type: text/html,charset=gbk[\r][\n]"
DEBUG main org.apache.http.wire -  << "[\r][\n]"
DEBUG main org.apache.http.impl.conn.DefaultClientConnection - Receiving response: HTTP/1.1 200 OK
DEBUG main org.apache.http.headers - << HTTP/1.1 200 OK
DEBUG main org.apache.http.headers - << Set-Cookie: login=true; Path=/
DEBUG main org.apache.http.headers - << Content-Length: 19
DEBUG main org.apache.http.headers - << Content-Type: text/html,charset=gbk
DEBUG main org.apache.http.client.protocol.ResponseProcessCookies - Cookie accepted [login="true", version:0, domain:172.16.5.130, path:/, expiry:null]
DEBUG main org.apache.http.impl.client.DefaultHttpClient - Connection can be kept alive indefinitely
DEBUG main org.apache.http.wire -  << "[0xbb][0xf1][0xb5][0xc3]cookies[0xd0][0xc5][0xcf][0xa2][0xb3][0xc9][0xb9][0xa6]"
DEBUG main org.apache.http.impl.conn.BasicClientConnectionManager - Releasing connection org.apache.http.impl.conn.ManagedClientConnectionImpl@568bf312
DEBUG main org.apache.http.impl.conn.BasicClientConnectionManager - Connection can be kept alive indefinitely
DEBUG main org.apache.http.impl.conn.BasicClientConnectionManager - Get connection for route {}->http://172.16.5.130:8889
DEBUG main org.apache.http.impl.conn.DefaultClientConnectionOperator - Connecting to 172.16.5.130:8889
DEBUG main org.apache.http.client.protocol.RequestAddCookies - CookieSpec selected: default
DEBUG main org.apache.http.client.protocol.RequestAuthCache - Auth cache not set in the context
DEBUG main org.apache.http.client.protocol.RequestTargetAuthentication - Target auth state: UNCHALLENGED
DEBUG main org.apache.http.client.protocol.RequestProxyAuthentication - Proxy auth state: UNCHALLENGED
DEBUG main org.apache.http.impl.client.DefaultHttpClient - Attempt 1 to execute request
DEBUG main org.apache.http.impl.conn.DefaultClientConnection - Sending request: GET /getCookies HTTP/1.1
DEBUG main org.apache.http.wire -  >> "GET /getCookies HTTP/1.1[\r][\n]"
DEBUG main org.apache.http.wire -  >> "Host: 172.16.5.130:8889[\r][\n]"
DEBUG main org.apache.http.wire -  >> "Connection: Keep-Alive[\r][\n]"
DEBUG main org.apache.http.wire -  >> "User-Agent: Apache-HttpClient/4.5.1 (Java/1.8.0_181)[\r][\n]"
DEBUG main org.apache.http.wire -  >> "[\r][\n]"
DEBUG main org.apache.http.headers - >> GET /getCookies HTTP/1.1
DEBUG main org.apache.http.headers - >> Host: 172.16.5.130:8889
DEBUG main org.apache.http.headers - >> Connection: Keep-Alive
DEBUG main org.apache.http.headers - >> User-Agent: Apache-HttpClient/4.5.1 (Java/1.8.0_181)
DEBUG main org.apache.http.wire -  << "HTTP/1.1 200 OK[\r][\n]"
DEBUG main org.apache.http.wire -  << "Set-Cookie: login=true; Path=/[\r][\n]"
DEBUG main org.apache.http.wire -  << "Content-Length: 19[\r][\n]"
DEBUG main org.apache.http.wire -  << "Content-Type: text/html,charset=gbk[\r][\n]"
DEBUG main org.apache.http.wire -  << "[\r][\n]"
DEBUG main org.apache.http.impl.conn.DefaultClientConnection - Receiving response: HTTP/1.1 200 OK
DEBUG main org.apache.http.headers - << HTTP/1.1 200 OK
DEBUG main org.apache.http.headers - << Set-Cookie: login=true; Path=/
DEBUG main org.apache.http.headers - << Content-Length: 19
DEBUG main org.apache.http.headers - << Content-Type: text/html,charset=gbk
DEBUG main org.apache.http.client.protocol.ResponseProcessCookies - Cookie accepted [login="true", version:0, domain:172.16.5.130, path:/, expiry:null]
DEBUG main org.apache.http.impl.client.DefaultHttpClient - Connection can be kept alive indefinitely
DEBUG main org.apache.http.wire -  << "[0xbb][0xf1][0xb5][0xc3]cookies[0xd0][0xc5][0xcf][0xa2][0xb3][0xc9][0xb9][0xa6]"
DEBUG main org.apache.http.impl.conn.BasicClientConnectionManager - Releasing connection org.apache.http.impl.conn.ManagedClientConnectionImpl@52e677af
DEBUG main org.apache.http.impl.conn.BasicClientConnectionManager - Connection can be kept alive indefinitely
